Running Gradle task 'assembleRelease'...                        
lib/screens/splash_screen.dart:9:8: Error: Error when reading 'lib/routes.dart': O sistema nÃ£o pode encontrar o arquivo especificado.

import '../routes.dart';
       ^
lib/screens/splash_screen.dart:63:51: Error: The getter 'AppRoutes' isn't defined for the type '_SplashScreenState'.
 - '_SplashScreenState' is from 'package:clickchannel/screens/splash_screen.dart' ('lib/screens/splash_screen.dart').
Try correcting the name to the name of an existing getter, or defining a getter or field named 'AppRoutes'.
       Navigator.of(context).pushReplacementNamed(AppRoutes.setup);
                                                  ^^^^^^^^^
lib/screens/splash_screen.dart:256:20: Error: Too many positional arguments: 0 allowed, but 1 found.
Try removing the extra positional arguments.
    return Scaffold(
                   ^
../flutter/packages/flutter/lib/src/material/scaffold.dart:1689:9: Context: Found this candidate, but the arguments don't match.
  const Scaffold({
        ^^^^^^^^
lib/screens/splash_screen.dart:346:7: Error: Expected ';' after this.
      ),
      ^
lib/screens/splash_screen.dart:346:8: Error: Expected an identifier, but got ','.
Try inserting an identifier before ','.
      ),
       ^
lib/screens/splash_screen.dart:346:8: Error: Unexpected token ';'.
      ),
       ^
lib/screens/splash_screen.dart:347:5: Error: Expected an identifier, but got ')'.
Try inserting an identifier before ')'.
    );
    ^
lib/screens/splash_screen.dart:346:8: Error: Expected ';' after this.
      ),
       ^
lib/screens/splash_screen.dart:347:5: Error: Unexpected token ';'.
    );
    ^
lib/screens/my_favorites_screen.dart:171:11: Error: No named parameter with the name 'color'.
          color: isSelected ? AppColors.primary.withOpacity(0.5) : null,
          ^^^^^
lib/widgets/glass_panel.dart:14:9: Context: Found this candidate, but the arguments don't match.
  const GlassPanel({
        ^^^^^^^^^^
Target kernel_snapshot_program failed: Exception


FAILURE: Build failed with an exception.

* What went wrong:
Execution failed for task ':app:compileFlutterBuildRelease'.
> Process 'command 'D:\ClickeAtenda-DEV\Vs\flutter\bin\flutter.bat'' finished with non-zero exit value 1

* Try:
> Run with --stacktrace option to get the stack trace.
> Run with --info or --debug option to get more log output.
> Run with --scan to get full insights.
> Get more help at https://help.gradle.org.

BUILD FAILED in 16s
Running Gradle task 'assembleRelease'...                           17,2s
Gradle task assembleRelease failed with exit code 1
