Launching lib\main.dart on Windows in debug mode...
Building Windows application...                                 
CMake Warning (dev) at flutter/ephemeral/.plugin_symlinks/media_kit_libs_windows_video/windows/CMakeLists.txt:90 (add_custom_command):
  Exactly one of PRE_BUILD, PRE_LINK, or POST_BUILD must be given.  Assuming
  POST_BUILD to preserve backward compatibility.

  Policy CMP0175 is not set: add_custom_command() rejects invalid arguments.
  Run "cmake --help-policy CMP0175" for policy details.  Use the cmake_policy
  command to set the policy and suppress this warning.
This warning is for project developers.  Use -Wno-dev to suppress it.

CMake Warning (dev) at flutter/ephemeral/.plugin_symlinks/media_kit_libs_windows_video/windows/CMakeLists.txt:126 (add_custom_command):
  Exactly one of PRE_BUILD, PRE_LINK, or POST_BUILD must be given.  Assuming
  POST_BUILD to preserve backward compatibility.

  Policy CMP0175 is not set: add_custom_command() rejects invalid arguments.
  Run "cmake --help-policy CMP0175" for policy details.  Use the cmake_policy
  command to set the policy and suppress this warning.
This warning is for project developers.  Use -Wno-dev to suppress it.

lib/widgets/media_player_screen.dart(596,16): error G4127D1E8: The getter 'mediaInfo' isn't defined for the type '_MediaPlayerScreenState'. [D:\ClickeAtenda-DEV\Projetos\Click-Channel\build\windows\x64\flutter\flutter_assemble.vcxproj]
lib/widgets/media_player_screen.dart(596,37): error G4127D1E8: The getter 'mediaInfo' isn't defined for the type '_MediaPlayerScreenState'. [D:\ClickeAtenda-DEV\Projetos\Click-Channel\build\windows\x64\flutter\flutter_assemble.vcxproj]
lib/widgets/media_player_screen.dart(597,30): error G4127D1E8: The getter 'mediaInfo' isn't defined for the type '_MediaPlayerScreenState'. [D:\ClickeAtenda-DEV\Projetos\Click-Channel\build\windows\x64\flutter\flutter_assemble.vcxproj]
C:\Program Files\Microsoft Visual Studio\18\Community\MSBuild\Microsoft\VC\v180\Microsoft.CppCommon.targets(254,5): error MSB8066: Custom build for 'D:\ClickeAtenda-DEV\Projetos\Click-Channel\build\windows\x64\CMakeFiles\fad69526e37589fa4db182d6cb8e5c75\flutter_windows.dll.rule;D:\ClickeAtenda-DEV\Projetos\Click-Channel\build\windows\x64\CMakeFiles\7be93c046ba6b2365d72cd08ad361513\flutter_assemble.rule;D:\ClickeAtenda-DEV\Projetos\Click-Channel\windows\flutter\CMakeLists.txt' exited with code 1. [D:\ClickeAtenda-DEV\Projetos\Click-Channel\build\windows\x64\flutter\flutter_assemble.vcxproj]
Building Windows application...                                    29,8s
Error: Build process failed.
